La génération a démarré 20/05/2020 15:14:01.
     1>Projet "C:\Users\Hicham\documents\visual studio 2012\Projects\locationVoitures\locationVoitures\locationVoitures.vcxproj" sur le nœud 2 (Build cible(s)).
     1>C:\Windows\Microsoft.NET\Framework\v4.0.30319\Microsoft.Common.Targets(1605,5): warning MSB3270: Il existe une différence entre l'architecture de processeur du projet en cours de génération "AMD64" et l'architecture de processeur de référence "System.Data.SQLite, Version=1.0.84.0, Culture=neutral, PublicKeyToken=db937bc2d44ff139", "x86". Cette différence peut entraîner des problèmes de runtime. Veuillez modifier l'architecture de processeur ciblée de votre projet à l'aide du gestionnaire de configuration de façon à aligner les architectures de processeur entre votre projet et les références, ou prendre une dépendance sur les références avec une architecture de processeur correspondant à l'architecture de processeur ciblée de votre projet.
     1>ClCompile:
         C:\Program Files (x86)\Microsoft Visual Studio 11.0\VC\bin\x86_amd64\CL.exe /c /AI"C:\Program Files (x86)\Reference Assemblies\Microsoft\Framework\.NETFramework\v4.5\\" /AI"C:\Program Files (x86)\Windows Kits\8.0\References\CommonConfiguration\Neutral" /AI"C:\Program Files (x86)\Reference Assemblies\Microsoft\Framework\.NETFramework\v4.5\Facades\\" /Zi /clr /nologo /W3 /WX- /Od /D WIN32 /D _DEBUG /D _UNICODE /D UNICODE /EHa /MDd /GS /fp:precise /Zc:wchar_t /Zc:forScope /Fo"x64\Debug\\" /Fd"x64\Debug\vc110.pdb" /TP /FU"C:\Program Files (x86)\Reference Assemblies\Microsoft\Framework\.NETFramework\v4.5\mscorlib.dll" /FU"C:\Program Files (x86)\Reference Assemblies\Microsoft\Framework\.NETFramework\v4.5\System.Data.dll" /FUC:\Windows\Microsoft.Net\assembly\GAC_32\System.Data.SQLite\v4.0_1.0.84.0__db937bc2d44ff139\System.Data.SQLite.dll /FU"C:\Program Files (x86)\System.Data.SQLite\2012\bin\System.Data.SQLite.Linq.dll" /FU"C:\Program Files (x86)\Reference Assemblies\Microsoft\Framework\.NETFramework\v4.5\System.dll" /FU"C:\Program Files (x86)\Reference Assemblies\Microsoft\Framework\.NETFramework\v4.5\System.Drawing.dll" /FU"C:\Program Files (x86)\Reference Assemblies\Microsoft\Framework\.NETFramework\v4.5\System.Windows.Forms.dll" /FU"C:\Program Files (x86)\Reference Assemblies\Microsoft\Framework\.NETFramework\v4.5\System.Xml.dll" /errorReport:prompt /clr:nostdlib login.cpp
         login.cpp
     1>login.cpp(36): warning C4101: 'x' : variable locale non référencée
     1>login.cpp(82): warning C4829: Paramètres potentiellement incorrects dans la fonction main. Utilisez 'int main(Platform::Array<Platform::String^>^ argv)' à la place
       Link:
         C:\Program Files (x86)\Microsoft Visual Studio 11.0\VC\bin\x86_amd64\link.exe /ERRORREPORT:PROMPT /OUT:"C:\Users\Hicham\documents\visual studio 2012\Projects\locationVoitures\x64\Debug\locationVoitures.exe" /INCREMENTAL /NOLOGO C:\SQLAPI\vs2012\lib\sqlapi.lib C:\SQLAPI\vs2012\lib\sqlapid.lib C:\SQLAPI\vs2012\lib\sqlapis.lib C:\SQLAPI\vs2012\lib\sqlapisd.lib C:\SQLAPI\vs2012\lib\sqlapiu.lib C:\SQLAPI\vs2012\lib\sqlapiud.lib C:\SQLAPI\vs2012\lib\sqlapius.lib C:\SQLAPI\vs2012\lib\sqlapiusd.lib kernel32.lib user32.lib gdi32.lib winspool.lib comdlg32.lib advapi32.lib shell32.lib ole32.lib oleaut32.lib uuid.lib odbc32.lib odbccp32.lib /ASSEMBLYRESOURCE:x64\Debug\locationVoitures.login.resources /MANIFEST /MANIFESTUAC:"level='asInvoker' uiAccess='false'" /manifest:embed /DEBUG /PDB:"C:\Users\Hicham\documents\visual studio 2012\Projects\locationVoitures\x64\Debug\locationVoitures.pdb" /ASSEMBLYDEBUG /SUBSYSTEM:WINDOWS /TLBID:1 /ENTRY:"main" /DYNAMICBASE /FIXED:NO /NXCOMPAT /MACHINE:X64 x64\Debug\login.obj
         "x64\Debug\.NETFramework,Version=v4.5.AssemblyAttributes.obj"
     1>login.obj : error LNK2028: jeton non rΘsolu (0A00004A) "public: __cdecl SAConnection::SAConnection(void)" (??0SAConnection@@$$FQEAA@XZ) rΘfΘrencΘ dans la fonction "int __cdecl Connect(void)" (?Connect@@$$FYAHXZ)
     1>login.obj : error LNK2028: jeton non rΘsolu (0A00004B) "public: virtual __cdecl SAConnection::~SAConnection(void)" (??1SAConnection@@$$FUEAA@XZ) rΘfΘrencΘ dans la fonction __catch$?Connect@@$$FYAHXZ$6
     1>login.obj : error LNK2028: jeton non rΘsolu (0A00004C) "public: void __cdecl SAConnection::setClient(enum eSAClient)" (?setClient@SAConnection@@$$FQEAAXW4eSAClient@@@Z) rΘfΘrencΘ dans la fonction "int __cdecl Connect(void)" (?Connect@@$$FYAHXZ)
     1>login.obj : error LNK2028: jeton non rΘsolu (0A00004D) "public: void __cdecl SAConnection::Connect(class SAString const &,class SAString const &,class SAString const &,enum eSAClient,void (__cdecl*)(class SAConnection &,enum eSAConnectionHandlerType))" (?Connect@SAConnection@@$$FQEAAXAEBVSAString@@00W4eSAClient@@P6AXAEAV1@W4eSAConnectionHandlerType@@@Z@Z) rΘfΘrencΘ dans la fonction "int __cdecl Connect(void)" (?Connect@@$$FYAHXZ)
     1>login.obj : error LNK2028: jeton non rΘsolu (0A00004E) "public: void __cdecl SAConnection::Disconnect(void)" (?Disconnect@SAConnection@@$$FQEAAXXZ) rΘfΘrencΘ dans la fonction "int __cdecl Connect(void)" (?Connect@@$$FYAHXZ)
     1>login.obj : error LNK2028: jeton non rΘsolu (0A00004F) "public: void __cdecl SAConnection::Rollback(void)" (?Rollback@SAConnection@@$$FQEAAXXZ) rΘfΘrencΘ dans la fonction $LN67
     1>login.obj : error LNK2028: jeton non rΘsolu (0A000066) "public: __cdecl SAString::SAString(char const *)" (??0SAString@@$$FQEAA@PEBD@Z) rΘfΘrencΘ dans la fonction "int __cdecl Connect(void)" (?Connect@@$$FYAHXZ)
     1>login.obj : error LNK2028: jeton non rΘsolu (0A000067) "public: __cdecl SAString::operator char const *(void)const " (??BSAString@@$$FQEBAPEBDXZ) rΘfΘrencΘ dans la fonction __catch$?Connect@@$$FYAHXZ$3
     1>login.obj : error LNK2028: jeton non rΘsolu (0A000068) "public: class SAString const & __cdecl SAString::operator=(char const *)" (??4SAString@@$$FQEAAAEBV0@PEBD@Z) rΘfΘrencΘ dans la fonction "int __cdecl Connect(void)" (?Connect@@$$FYAHXZ)
     1>login.obj : error LNK2028: jeton non rΘsolu (0A000069) "public: __cdecl SAString::~SAString(void)" (??1SAString@@$$FQEAA@XZ) rΘfΘrencΘ dans la fonction "int __cdecl Connect(void)" (?Connect@@$$FYAHXZ)
     1>login.obj : error LNK2028: jeton non rΘsolu (0A00006F) "public: class SAString __cdecl SAException::ErrText(void)const " (?ErrText@SAException@@$$FQEBA?AVSAString@@XZ) rΘfΘrencΘ dans la fonction __catch$?Connect@@$$FYAHXZ$3
     1>login.obj : error LNK2028: jeton non rΘsolu (0A00007A) "public: virtual class SAString & __cdecl SAOptions::setOption(class SAString const &)" (?setOption@SAOptions@@$$FUEAAAEAVSAString@@AEBV2@@Z) rΘfΘrencΘ dans la fonction "int __cdecl Connect(void)" (?Connect@@$$FYAHXZ)
     1>login.obj : error LNK2019: symbole externe non rΘsolu "public: __cdecl SAConnection::SAConnection(void)" (??0SAConnection@@$$FQEAA@XZ) rΘfΘrencΘ dans la fonction "int __cdecl Connect(void)" (?Connect@@$$FYAHXZ)
     1>login.obj : error LNK2019: symbole externe non rΘsolu "public: __cdecl SAString::SAString(char const *)" (??0SAString@@$$FQEAA@PEBD@Z) rΘfΘrencΘ dans la fonction "int __cdecl Connect(void)" (?Connect@@$$FYAHXZ)
     1>login.obj : error LNK2019: symbole externe non rΘsolu "public: virtual class SAString & __cdecl SAOptions::setOption(class SAString const &)" (?setOption@SAOptions@@$$FUEAAAEAVSAString@@AEBV2@@Z) rΘfΘrencΘ dans la fonction "int __cdecl Connect(void)" (?Connect@@$$FYAHXZ)
     1>login.obj : error LNK2019: symbole externe non rΘsolu "public: class SAString const & __cdecl SAString::operator=(char const *)" (??4SAString@@$$FQEAAAEBV0@PEBD@Z) rΘfΘrencΘ dans la fonction "int __cdecl Connect(void)" (?Connect@@$$FYAHXZ)
     1>login.obj : error LNK2019: symbole externe non rΘsolu "public: __cdecl SAString::~SAString(void)" (??1SAString@@$$FQEAA@XZ) rΘfΘrencΘ dans la fonction "int __cdecl Connect(void)" (?Connect@@$$FYAHXZ)
     1>login.obj : error LNK2019: symbole externe non rΘsolu "public: void __cdecl SAConnection::setClient(enum eSAClient)" (?setClient@SAConnection@@$$FQEAAXW4eSAClient@@@Z) rΘfΘrencΘ dans la fonction "int __cdecl Connect(void)" (?Connect@@$$FYAHXZ)
     1>login.obj : error LNK2019: symbole externe non rΘsolu "public: void __cdecl SAConnection::Connect(class SAString const &,class SAString const &,class SAString const &,enum eSAClient,void (__cdecl*)(class SAConnection &,enum eSAConnectionHandlerType))" (?Connect@SAConnection@@$$FQEAAXAEBVSAString@@00W4eSAClient@@P6AXAEAV1@W4eSAConnectionHandlerType@@@Z@Z) rΘfΘrencΘ dans la fonction "int __cdecl Connect(void)" (?Connect@@$$FYAHXZ)
     1>login.obj : error LNK2019: symbole externe non rΘsolu "public: void __cdecl SAConnection::Disconnect(void)" (?Disconnect@SAConnection@@$$FQEAAXXZ) rΘfΘrencΘ dans la fonction "int __cdecl Connect(void)" (?Connect@@$$FYAHXZ)
     1>login.obj : error LNK2019: symbole externe non rΘsolu "public: void __cdecl SAConnection::Rollback(void)" (?Rollback@SAConnection@@$$FQEAAXXZ) rΘfΘrencΘ dans la fonction $LN67
     1>login.obj : error LNK2019: symbole externe non rΘsolu "public: class SAString __cdecl SAException::ErrText(void)const " (?ErrText@SAException@@$$FQEBA?AVSAString@@XZ) rΘfΘrencΘ dans la fonction __catch$?Connect@@$$FYAHXZ$3
     1>login.obj : error LNK2019: symbole externe non rΘsolu "public: __cdecl SAString::operator char const *(void)const " (??BSAString@@$$FQEBAPEBDXZ) rΘfΘrencΘ dans la fonction __catch$?Connect@@$$FYAHXZ$3
     1>login.obj : error LNK2019: symbole externe non rΘsolu "public: virtual __cdecl SAConnection::~SAConnection(void)" (??1SAConnection@@$$FUEAA@XZ) rΘfΘrencΘ dans la fonction __catch$?Connect@@$$FYAHXZ$6
     1>C:\Users\Hicham\documents\visual studio 2012\Projects\locationVoitures\x64\Debug\locationVoitures.exe : fatal error LNK1120: 24 externes non rΘsolus
     1>Génération du projet "C:\Users\Hicham\documents\visual studio 2012\Projects\locationVoitures\locationVoitures\locationVoitures.vcxproj" terminée (Build cible(s)) -- ÉCHEC.

ÉCHEC de la build.

Temps écoulé 00:00:11.38
